<?xml version="1.0" encoding="UTF-8"?>
<!-- Generated by org.testng.reporters.JUnitReportReporter -->
<testsuite skipped="0" hostname="DESKTOP-T7SG8HK" name="com.crm.browser.Practice" tests="1" failures="0" timestamp="2022-05-04T01:22:15 IST" time="0.046" errors="0">
  <testcase name="practice" time="0.046" classname="com.crm.browser.Practice"/>
  <system-out/>
</testsuite> <!-- com.crm.browser.Practice -->
